{"uuid":"aabcea40-5814-4878-a817-d8dd2059ac55","historyId":"c99525064e60e2c54591c555c798480b","fullName":"TestMethods.checkBilling","labels":[{"name":"package","value":"TestMethods"},{"name":"testClass","value":"TestMethods"},{"name":"testMethod","value":"checkBilling"},{"name":"parentSuite","value":"Default Suite"},{"name":"suite","value":"Project_2"},{"name":"subSuite","value":"TestMethods"},{"name":"host","value":"DESKTOP-J8RPU6N"},{"name":"thread","value":"8128@DESKTOP-J8RPU6N.main(1)"},{"name":"framework","value":"testng"},{"name":"language","value":"java"}],"links":[],"name":"checkout order","status":"skipped","statusDetails":{"known":false,"muted":false,"flaky":false,"message":"Element not found {#input-payment-zone/option[text:Tbilisi]}\r\nExpected: exist\r\nScreenshot: file:/C:/Users/4torn/OneDrive/Desktop/IT_academy/Project_2/build/reports/tests/1645215766911.0.png\r\nPage source: file:/C:/Users/4torn/OneDrive/Desktop/IT_academy/Project_2/build/reports/tests/1645215766911.0.html\r\nTimeout: 7 s.\r\nCaused by: NoSuchElementException: Cannot locate option with text: Tbilisi","trace":"Element not found {#input-payment-zone/option[text:Tbilisi]}\r\nExpected: exist\r\nScreenshot: file:/C:/Users/4torn/OneDrive/Desktop/IT_academy/Project_2/build/reports/tests/1645215766911.0.png\r\nPage source: file:/C:/Users/4torn/OneDrive/Desktop/IT_academy/Project_2/build/reports/tests/1645215766911.0.html\r\nTimeout: 7 s.\r\nCaused by: NoSuchElementException: Cannot locate option with text: Tbilisi\r\n\tat com.codeborne.selenide.commands.SelectOptionByTextOrIndex.selectOptionsByTexts(SelectOptionByTextOrIndex.java:44)\r\n\tat com.codeborne.selenide.commands.SelectOptionByTextOrIndex.execute(SelectOptionByTextOrIndex.java:25)\r\n\tat com.codeborne.selenide.commands.SelectOptionByTextOrIndex.execute(SelectOptionByTextOrIndex.java:16)\r\n\tat com.codeborne.selenide.commands.Commands.execute(Commands.java:154)\r\n\tat com.codeborne.selenide.impl.SelenideElementProxy.dispatchAndRetry(SelenideElementProxy.java:131)\r\n\tat com.codeborne.selenide.impl.SelenideElementProxy.invoke(SelenideElementProxy.java:83)\r\n\tat jdk.proxy2/jdk.proxy2.$Proxy8.selectOption(Unknown Source)\r\n\tat Steps.CartSteps.selectState(CartSteps.java:71)\r\n\tat TestMethods.checkBilling(TestMethods.java:84)\r\n\tat java.base/jdk.internal.reflect.NativeMethodAccessorImpl.invoke0(Native Method)\r\n\tat java.base/jdk.internal.reflect.NativeMethodAccessorImpl.invoke(NativeMethodAccessorImpl.java:77)\r\n\tat java.base/jdk.internal.reflect.DelegatingMethodAccessorImpl.invoke(DelegatingMethodAccessorImpl.java:43)\r\n\tat java.base/java.lang.reflect.Method.invoke(Method.java:568)\r\n\tat org.testng.internal.invokers.MethodInvocationHelper.invokeMethod(MethodInvocationHelper.java:135)\r\n\tat org.testng.internal.invokers.TestInvoker.invokeMethod(TestInvoker.java:673)\r\n\tat org.testng.internal.invokers.TestInvoker.invokeTestMethod(TestInvoker.java:220)\r\n\tat org.testng.internal.invokers.MethodRunner.runInSequence(MethodRunner.java:50)\r\n\tat org.testng.internal.invokers.TestInvoker$MethodInvocationAgent.invoke(TestInvoker.java:945)\r\n\tat org.testng.internal.invokers.TestInvoker.invokeTestMethods(TestInvoker.java:193)\r\n\tat org.testng.internal.invokers.TestMethodWorker.invokeTestMethods(TestMethodWorker.java:146)\r\n\tat org.testng.internal.invokers.TestMethodWorker.run(TestMethodWorker.java:128)\r\n\tat java.base/java.util.ArrayList.forEach(ArrayList.java:1511)\r\n\tat org.testng.TestRunner.privateRun(TestRunner.java:808)\r\n\tat org.testng.TestRunner.run(TestRunner.java:603)\r\n\tat org.testng.SuiteRunner.runTest(SuiteRunner.java:429)\r\n\tat org.testng.SuiteRunner.runSequentially(SuiteRunner.java:423)\r\n\tat org.testng.SuiteRunner.privateRun(SuiteRunner.java:383)\r\n\tat org.testng.SuiteRunner.run(SuiteRunner.java:326)\r\n\tat org.testng.SuiteRunnerWorker.runSuite(SuiteRunnerWorker.java:52)\r\n\tat org.testng.SuiteRunnerWorker.run(SuiteRunnerWorker.java:95)\r\n\tat org.testng.TestNG.runSuitesSequentially(TestNG.java:1249)\r\n\tat org.testng.TestNG.runSuitesLocally(TestNG.java:1169)\r\n\tat org.testng.TestNG.runSuites(TestNG.java:1092)\r\n\tat org.testng.TestNG.run(TestNG.java:1060)\r\n\tat com.intellij.rt.testng.IDEARemoteTestNG.run(IDEARemoteTestNG.java:66)\r\n\tat com.intellij.rt.testng.RemoteTestNGStarter.main(RemoteTestNGStarter.java:109)\r\nCaused by: org.openqa.selenium.NoSuchElementException: Cannot locate option with text: Tbilisi\nFor documentation on this error, please visit: https://selenium.dev/exceptions/#no_such_element\nBuild info: version: '4.1.1', revision: 'e8fcc2cecf'\nSystem info: host: 'DESKTOP-J8RPU6N', ip: '192.168.0.22', os.name: 'Windows 10', os.arch: 'amd64', os.version: '10.0', java.version: '17.0.1'\nDriver info: driver.version: unknown\r\n\tat org.openqa.selenium.support.ui.Select.selectByVisibleText(Select.java:151)\r\n\tat com.codeborne.selenide.commands.SelectOptionByTextOrIndex.selectOptionsByTexts(SelectOptionByTextOrIndex.java:41)\r\n\t... 35 more\r\n"},"stage":"finished","description":"i will check billing details,payment method,delivery here","steps":[{"name":"go for checkout","status":"passed","stage":"finished","steps":[],"attachments":[],"parameters":[],"start":1645215758072,"stop":1645215758555},{"name":"input name","status":"passed","stage":"finished","steps":[],"attachments":[],"parameters":[],"start":1645215758556,"stop":1645215758923},{"name":"input lastName","status":"passed","stage":"finished","steps":[],"attachments":[],"parameters":[],"start":1645215758924,"stop":1645215759043},{"name":"input company","status":"passed","stage":"finished","steps":[],"attachments":[],"parameters":[],"start":1645215759043,"stop":1645215759224},{"name":"input address 1","status":"passed","stage":"finished","steps":[],"attachments":[],"parameters":[],"start":1645215759225,"stop":1645215759312},{"name":"input address 2","status":"passed","stage":"finished","steps":[],"attachments":[],"parameters":[],"start":1645215759313,"stop":1645215759393},{"name":"input city","status":"passed","stage":"finished","steps":[],"attachments":[],"parameters":[],"start":1645215759393,"stop":1645215759473},{"name":"input post code","status":"passed","stage":"finished","steps":[],"attachments":[],"parameters":[],"start":1645215759473,"stop":1645215759564},{"name":"select country georgea","status":"passed","stage":"finished","steps":[],"attachments":[],"parameters":[],"start":1645215759566,"stop":1645215759706},{"name":"Selecting State tbilisi","status":"failed","statusDetails":{"known":false,"muted":false,"flaky":false,"message":"Element not found {#input-payment-zone/option[text:Tbilisi]}\r\nExpected: exist\r\nScreenshot: file:/C:/Users/4torn/OneDrive/Desktop/IT_academy/Project_2/build/reports/tests/1645215766911.0.png\r\nPage source: file:/C:/Users/4torn/OneDrive/Desktop/IT_academy/Project_2/build/reports/tests/1645215766911.0.html\r\nTimeout: 7 s.\r\nCaused by: NoSuchElementException: Cannot locate option with text: Tbilisi","trace":"Element not found {#input-payment-zone/option[text:Tbilisi]}\r\nExpected: exist\r\nScreenshot: file:/C:/Users/4torn/OneDrive/Desktop/IT_academy/Project_2/build/reports/tests/1645215766911.0.png\r\nPage source: file:/C:/Users/4torn/OneDrive/Desktop/IT_academy/Project_2/build/reports/tests/1645215766911.0.html\r\nTimeout: 7 s.\r\nCaused by: NoSuchElementException: Cannot locate option with text: Tbilisi\r\n\tat com.codeborne.selenide.commands.SelectOptionByTextOrIndex.selectOptionsByTexts(SelectOptionByTextOrIndex.java:44)\r\n\tat com.codeborne.selenide.commands.SelectOptionByTextOrIndex.execute(SelectOptionByTextOrIndex.java:25)\r\n\tat com.codeborne.selenide.commands.SelectOptionByTextOrIndex.execute(SelectOptionByTextOrIndex.java:16)\r\n\tat com.codeborne.selenide.commands.Commands.execute(Commands.java:154)\r\n\tat com.codeborne.selenide.impl.SelenideElementProxy.dispatchAndRetry(SelenideElementProxy.java:131)\r\n\tat com.codeborne.selenide.impl.SelenideElementProxy.invoke(SelenideElementProxy.java:83)\r\n\tat jdk.proxy2/jdk.proxy2.$Proxy8.selectOption(Unknown Source)\r\n\tat Steps.CartSteps.selectState(CartSteps.java:71)\r\n\tat TestMethods.checkBilling(TestMethods.java:84)\r\n\tat java.base/jdk.internal.reflect.NativeMethodAccessorImpl.invoke0(Native Method)\r\n\tat java.base/jdk.internal.reflect.NativeMethodAccessorImpl.invoke(NativeMethodAccessorImpl.java:77)\r\n\tat java.base/jdk.internal.reflect.DelegatingMethodAccessorImpl.invoke(DelegatingMethodAccessorImpl.java:43)\r\n\tat java.base/java.lang.reflect.Method.invoke(Method.java:568)\r\n\tat org.testng.internal.invokers.MethodInvocationHelper.invokeMethod(MethodInvocationHelper.java:135)\r\n\tat org.testng.internal.invokers.TestInvoker.invokeMethod(TestInvoker.java:673)\r\n\tat org.testng.internal.invokers.TestInvoker.invokeTestMethod(TestInvoker.java:220)\r\n\tat org.testng.internal.invokers.MethodRunner.runInSequence(MethodRunner.java:50)\r\n\tat org.testng.internal.invokers.TestInvoker$MethodInvocationAgent.invoke(TestInvoker.java:945)\r\n\tat org.testng.internal.invokers.TestInvoker.invokeTestMethods(TestInvoker.java:193)\r\n\tat org.testng.internal.invokers.TestMethodWorker.invokeTestMethods(TestMethodWorker.java:146)\r\n\tat org.testng.internal.invokers.TestMethodWorker.run(TestMethodWorker.java:128)\r\n\tat java.base/java.util.ArrayList.forEach(ArrayList.java:1511)\r\n\tat org.testng.TestRunner.privateRun(TestRunner.java:808)\r\n\tat org.testng.TestRunner.run(TestRunner.java:603)\r\n\tat org.testng.SuiteRunner.runTest(SuiteRunner.java:429)\r\n\tat org.testng.SuiteRunner.runSequentially(SuiteRunner.java:423)\r\n\tat org.testng.SuiteRunner.privateRun(SuiteRunner.java:383)\r\n\tat org.testng.SuiteRunner.run(SuiteRunner.java:326)\r\n\tat org.testng.SuiteRunnerWorker.runSuite(SuiteRunnerWorker.java:52)\r\n\tat org.testng.SuiteRunnerWorker.run(SuiteRunnerWorker.java:95)\r\n\tat org.testng.TestNG.runSuitesSequentially(TestNG.java:1249)\r\n\tat org.testng.TestNG.runSuitesLocally(TestNG.java:1169)\r\n\tat org.testng.TestNG.runSuites(TestNG.java:1092)\r\n\tat org.testng.TestNG.run(TestNG.java:1060)\r\n\tat com.intellij.rt.testng.IDEARemoteTestNG.run(IDEARemoteTestNG.java:66)\r\n\tat com.intellij.rt.testng.RemoteTestNGStarter.main(RemoteTestNGStarter.java:109)\r\nCaused by: org.openqa.selenium.NoSuchElementException: Cannot locate option with text: Tbilisi\nFor documentation on this error, please visit: https://selenium.dev/exceptions/#no_such_element\nBuild info: version: '4.1.1', revision: 'e8fcc2cecf'\nSystem info: host: 'DESKTOP-J8RPU6N', ip: '192.168.0.22', os.name: 'Windows 10', os.arch: 'amd64', os.version: '10.0', java.version: '17.0.1'\nDriver info: driver.version: unknown\r\n\tat org.openqa.selenium.support.ui.Select.selectByVisibleText(Select.java:151)\r\n\tat com.codeborne.selenide.commands.SelectOptionByTextOrIndex.selectOptionsByTexts(SelectOptionByTextOrIndex.java:41)\r\n\t... 35 more\r\n"},"stage":"finished","steps":[],"attachments":[],"parameters":[],"start":1645215759706,"stop":1645215767300}],"attachments":[],"parameters":[],"start":1645215758071,"stop":1645215767305}