{"uuid":"e436aa4c-5479-485f-a063-49ea6e30edb9","historyId":"c99525064e60e2c54591c555c798480b","fullName":"TestMethods.checkBilling","labels":[{"name":"package","value":"TestMethods"},{"name":"testClass","value":"TestMethods"},{"name":"testMethod","value":"checkBilling"},{"name":"parentSuite","value":"Default Suite"},{"name":"suite","value":"Project_2"},{"name":"subSuite","value":"TestMethods"},{"name":"host","value":"DESKTOP-J8RPU6N"},{"name":"thread","value":"2120@DESKTOP-J8RPU6N.main(1)"},{"name":"framework","value":"testng"},{"name":"language","value":"java"},{"name":"story","value":"check ordering"},{"name":"feature","value":"check sort and ordering"},{"name":"epic","value":"testing technical items shop"}],"links":[],"name":"checkout order","status":"failed","statusDetails":{"known":false,"muted":false,"flaky":false,"message":"Element not found {by text: Step 6: Confirm Order }\r\nExpected: visible or transparent: visible or have css value opacity=0\r\nScreenshot: file:/C:/Users/4torn/OneDrive/Desktop/IT_academy/Project_2/build/reports/tests/1645466733583.0.png\r\nPage source: file:/C:/Users/4torn/OneDrive/Desktop/IT_academy/Project_2/build/reports/tests/1645466733583.0.html\r\nTimeout: 7 s.\r\nCaused by: NoSuchElementException: no such element: Unable to locate element: {\"method\":\"xpath\",\"selector\":\".//*/text()[normalize-space(translate(string(.), '","trace":"Element not found {by text: Step 6: Confirm Order }\r\nExpected: visible or transparent: visible or have css value opacity=0\r\nScreenshot: file:/C:/Users/4torn/OneDrive/Desktop/IT_academy/Project_2/build/reports/tests/1645466733583.0.png\r\nPage source: file:/C:/Users/4torn/OneDrive/Desktop/IT_academy/Project_2/build/reports/tests/1645466733583.0.html\r\nTimeout: 7 s.\r\nCaused by: NoSuchElementException: no such element: Unable to locate element: {\"method\":\"xpath\",\"selector\":\".//*/text()[normalize-space(translate(string(.), '\r\n\tat com.codeborne.selenide.impl.WebElementSource.createElementNotFoundError(WebElementSource.java:85)\r\n\tat com.codeborne.selenide.impl.ElementFinder.createElementNotFoundError(ElementFinder.java:122)\r\n\tat com.codeborne.selenide.impl.WebElementSource.checkCondition(WebElementSource.java:121)\r\n\tat com.codeborne.selenide.impl.WebElementSource.findAndAssertElementIsInteractable(WebElementSource.java:144)\r\n\tat com.codeborne.selenide.commands.Click.findElement(Click.java:44)\r\n\tat com.codeborne.selenide.commands.Click.execute(Click.java:26)\r\n\tat com.codeborne.selenide.commands.Click.execute(Click.java:19)\r\n\tat com.codeborne.selenide.commands.Commands.execute(Commands.java:154)\r\n\tat com.codeborne.selenide.impl.SelenideElementProxy.dispatchAndRetry(SelenideElementProxy.java:131)\r\n\tat com.codeborne.selenide.impl.SelenideElementProxy.invoke(SelenideElementProxy.java:83)\r\n\tat jdk.proxy2/jdk.proxy2.$Proxy12.click(Unknown Source)\r\n\tat Steps.CartSteps.checkTotal(CartSteps.java:167)\r\n\tat TestMethods.checkBilling(TestMethods.java:100)\r\n\tat java.base/jdk.internal.reflect.NativeMethodAccessorImpl.invoke0(Native Method)\r\n\tat java.base/jdk.internal.reflect.NativeMethodAccessorImpl.invoke(NativeMethodAccessorImpl.java:77)\r\n\tat java.base/jdk.internal.reflect.DelegatingMethodAccessorImpl.invoke(DelegatingMethodAccessorImpl.java:43)\r\n\tat java.base/java.lang.reflect.Method.invoke(Method.java:568)\r\n\tat org.testng.internal.invokers.MethodInvocationHelper.invokeMethod(MethodInvocationHelper.java:135)\r\n\tat org.testng.internal.invokers.TestInvoker.invokeMethod(TestInvoker.java:673)\r\n\tat org.testng.internal.invokers.TestInvoker.invokeTestMethod(TestInvoker.java:220)\r\n\tat org.testng.internal.invokers.MethodRunner.runInSequence(MethodRunner.java:50)\r\n\tat org.testng.internal.invokers.TestInvoker$MethodInvocationAgent.invoke(TestInvoker.java:945)\r\n\tat org.testng.internal.invokers.TestInvoker.invokeTestMethods(TestInvoker.java:193)\r\n\tat org.testng.internal.invokers.TestMethodWorker.invokeTestMethods(TestMethodWorker.java:146)\r\n\tat org.testng.internal.invokers.TestMethodWorker.run(TestMethodWorker.java:128)\r\n\tat java.base/java.util.ArrayList.forEach(ArrayList.java:1511)\r\n\tat org.testng.TestRunner.privateRun(TestRunner.java:808)\r\n\tat org.testng.TestRunner.run(TestRunner.java:603)\r\n\tat org.testng.SuiteRunner.runTest(SuiteRunner.java:429)\r\n\tat org.testng.SuiteRunner.runSequentially(SuiteRunner.java:423)\r\n\tat org.testng.SuiteRunner.privateRun(SuiteRunner.java:383)\r\n\tat org.testng.SuiteRunner.run(SuiteRunner.java:326)\r\n\tat org.testng.SuiteRunnerWorker.runSuite(SuiteRunnerWorker.java:52)\r\n\tat org.testng.SuiteRunnerWorker.run(SuiteRunnerWorker.java:95)\r\n\tat org.testng.TestNG.runSuitesSequentially(TestNG.java:1249)\r\n\tat org.testng.TestNG.runSuitesLocally(TestNG.java:1169)\r\n\tat org.testng.TestNG.runSuites(TestNG.java:1092)\r\n\tat org.testng.TestNG.run(TestNG.java:1060)\r\n\tat com.intellij.rt.testng.IDEARemoteTestNG.run(IDEARemoteTestNG.java:66)\r\n\tat com.intellij.rt.testng.RemoteTestNGStarter.main(RemoteTestNGStarter.java:109)\r\nCaused by: org.openqa.selenium.NoSuchElementException: no such element: Unable to locate element: {\"method\":\"xpath\",\"selector\":\".//*/text()[normalize-space(translate(string(.), '\t\n\r ', '    ')) = \"Step 6: Confirm Order \"]/parent::*\"}\n  (Session info: chrome=98.0.4758.102)\nFor documentation on this error, please visit: https://selenium.dev/exceptions/#no_such_element\nBuild info: version: '4.1.1', revision: 'e8fcc2cecf'\nSystem info: host: 'DESKTOP-J8RPU6N', ip: '192.168.0.22', os.name: 'Windows 10', os.arch: 'amd64', os.version: '10.0', java.version: '17.0.1'\nDriver info: org.openqa.selenium.chrome.ChromeDriver\nCommand: [aeb2b37657e7a7823213757896ecaa38, findElement {using=xpath, value=.//*/text()[normalize-space(translate(string(.), '\t\n\r ', '    ')) = \"Step 6: Confirm Order \"]/parent::*}]\nCapabilities {acceptInsecureCerts: true, browserName: chrome, browserVersion: 98.0.4758.102, chrome: {chromedriverVersion: 98.0.4758.102 (273bf7ac8c90..., userDataDir: C:\\Users\\4torn\\AppData\\Loca...}, goog:chromeOptions: {debuggerAddress: localhost:56182}, javascriptEnabled: true, networkConnectionEnabled: false, pageLoadStrategy: normal, platform: WINDOWS, platformName: WINDOWS, proxy: Proxy(), se:cdp: ws://localhost:56182/devtoo..., se:cdpVersion: 98.0.4758.102, setWindowRect: true, strictFileInteractability: false, timeouts: {implicit: 0, pageLoad: 300000, script: 30000}, unhandledPromptBehavior: dismiss and notify, webauthn:extension:credBlob: true, webauthn:extension:largeBlob: true, webauthn:virtualAuthenticators: true}\nSession ID: aeb2b37657e7a7823213757896ecaa38\r\n\tat jdk.internal.reflect.GeneratedConstructorAccessor22.newInstance(Unknown Source)\r\n\tat java.base/jdk.internal.reflect.DelegatingConstructorAccessorImpl.newInstance(DelegatingConstructorAccessorImpl.java:45)\r\n\tat java.base/java.lang.reflect.Constructor.newInstanceWithCaller(Constructor.java:499)\r\n\tat java.base/java.lang.reflect.Constructor.newInstance(Constructor.java:480)\r\n\tat org.openqa.selenium.remote.codec.w3c.W3CHttpResponseCodec.createException(W3CHttpResponseCodec.java:200)\r\n\tat org.openqa.selenium.remote.codec.w3c.W3CHttpResponseCodec.decode(W3CHttpResponseCodec.java:133)\r\n\tat org.openqa.selenium.remote.codec.w3c.W3CHttpResponseCodec.decode(W3CHttpResponseCodec.java:53)\r\n\tat org.openqa.selenium.remote.HttpCommandExecutor.execute(HttpCommandExecutor.java:184)\r\n\tat org.openqa.selenium.remote.service.DriverCommandExecutor.invokeExecute(DriverCommandExecutor.java:167)\r\n\tat org.openqa.selenium.remote.service.DriverCommandExecutor.execute(DriverCommandExecutor.java:142)\r\n\tat org.openqa.selenium.remote.RemoteWebDriver.execute(RemoteWebDriver.java:543)\r\n\tat org.openqa.selenium.remote.ElementLocation$ElementFinder$2.findElement(ElementLocation.java:162)\r\n\tat org.openqa.selenium.remote.ElementLocation.findElement(ElementLocation.java:60)\r\n\tat org.openqa.selenium.remote.RemoteWebDriver.findElement(RemoteWebDriver.java:367)\r\n\tat org.openqa.selenium.remote.RemoteWebDriver.findElement(RemoteWebDriver.java:359)\r\n\tat com.codeborne.selenide.impl.WebElementSelector.findElement(WebElementSelector.java:70)\r\n\tat com.codeborne.selenide.impl.WebElementSelector.findElement(WebElementSelector.java:44)\r\n\tat com.codeborne.selenide.impl.WebElementSelector.findElement(WebElementSelector.java:33)\r\n\tat com.codeborne.selenide.impl.ElementFinder.getWebElement(ElementFinder.java:102)\r\n\tat com.codeborne.selenide.impl.WebElementSource.checkCondition(WebElementSource.java:102)\r\n\t... 37 more\r\n"},"stage":"finished","description":"i will check billing details,payment method,delivery here","steps":[{"name":"go for checkout","status":"passed","stage":"finished","steps":[{"name":"$(\"#cart-total\") click()","status":"passed","stage":"finished","steps":[],"attachments":[],"parameters":[],"start":1645466720297,"stop":1645466720374},{"name":"$(\"strong .fa-share\") click()","status":"passed","stage":"finished","steps":[],"attachments":[],"parameters":[],"start":1645466720374,"stop":1645466720777}],"attachments":[],"parameters":[],"start":1645466720297,"stop":1645466720777},{"name":"input name","status":"passed","stage":"finished","steps":[{"name":"$(\"#input-payment-firstname\") send keys(pharsman)","status":"passed","stage":"finished","steps":[],"attachments":[],"parameters":[],"start":1645466720778,"stop":1645466721167}],"attachments":[],"parameters":[],"start":1645466720778,"stop":1645466721167},{"name":"input lastName","status":"passed","stage":"finished","steps":[{"name":"$(\"#input-payment-lastname\") send keys(kind)","status":"passed","stage":"finished","steps":[],"attachments":[],"parameters":[],"start":1645466721167,"stop":1645466721314}],"attachments":[],"parameters":[],"start":1645466721167,"stop":1645466721314},{"name":"input company","status":"passed","stage":"finished","steps":[{"name":"$(\"#input-payment-company\") send keys(tbc-it-academy)","status":"passed","stage":"finished","steps":[],"attachments":[],"parameters":[],"start":1645466721314,"stop":1645466721432}],"attachments":[],"parameters":[],"start":1645466721314,"stop":1645466721432},{"name":"input address 1","status":"passed","stage":"finished","steps":[{"name":"$(\"#input-payment-address-1\") send keys(new-york)","status":"passed","stage":"finished","steps":[],"attachments":[],"parameters":[],"start":1645466721433,"stop":1645466721562}],"attachments":[],"parameters":[],"start":1645466721433,"stop":1645466721562},{"name":"input address 2","status":"passed","stage":"finished","steps":[{"name":"$(\"#input-payment-address-2\") send keys(new-york)","status":"passed","stage":"finished","steps":[],"attachments":[],"parameters":[],"start":1645466721563,"stop":1645466721650}],"attachments":[],"parameters":[],"start":1645466721562,"stop":1645466721650},{"name":"input city","status":"passed","stage":"finished","steps":[{"name":"$(\"#input-payment-city\") send keys(new-york)","status":"passed","stage":"finished","steps":[],"attachments":[],"parameters":[],"start":1645466721654,"stop":1645466721729}],"attachments":[],"parameters":[],"start":1645466721652,"stop":1645466721729},{"name":"input post code","status":"passed","stage":"finished","steps":[{"name":"$(\"#input-payment-postcode\") send keys(995)","status":"passed","stage":"finished","steps":[],"attachments":[],"parameters":[],"start":1645466721730,"stop":1645466721797}],"attachments":[],"parameters":[],"start":1645466721730,"stop":1645466721797},{"name":"select country georgea","status":"passed","stage":"finished","steps":[{"name":"$(\"#input-payment-country\") select option(Georgia)","status":"passed","stage":"finished","steps":[],"attachments":[],"parameters":[],"start":1645466721797,"stop":1645466721931}],"attachments":[],"parameters":[],"start":1645466721797,"stop":1645466721931},{"name":"Selecting State tbilisi","status":"passed","stage":"finished","steps":[{"name":"$(\"#input-payment-zone\") select option(Tbilisi)","status":"passed","stage":"finished","steps":[],"attachments":[],"parameters":[],"start":1645466721931,"stop":1645466722261}],"attachments":[],"parameters":[],"start":1645466721931,"stop":1645466722261},{"name":"click continue btn","status":"passed","stage":"finished","steps":[{"name":"$(\"#button-payment-address\") click()","status":"passed","stage":"finished","steps":[],"attachments":[],"parameters":[],"start":1645466722261,"stop":1645466722340}],"attachments":[],"parameters":[],"start":1645466722261,"stop":1645466722340},{"name":"click on delivery details continue btn","status":"passed","stage":"finished","steps":[{"name":"$(\"#button-shipping-address\") click()","status":"passed","stage":"finished","steps":[],"attachments":[],"parameters":[],"start":1645466722340,"stop":1645466723311}],"attachments":[],"parameters":[],"start":1645466722340,"stop":1645466723311},{"name":"click on delivery methods continue btn","status":"passed","stage":"finished","steps":[{"name":"$(\"#button-shipping-address\") should(visible)","status":"passed","stage":"finished","steps":[],"attachments":[],"parameters":[],"start":1645466723312,"stop":1645466723333},{"name":"$(\"#button-shipping-method\") click()","status":"passed","stage":"finished","steps":[],"attachments":[],"parameters":[],"start":1645466723333,"stop":1645466724214}],"attachments":[],"parameters":[],"start":1645466723311,"stop":1645466724214},{"name":" payment methods conditions and terms click","status":"passed","stage":"finished","steps":[{"name":"$(\"By.name: agree\") should be(visible)","status":"passed","stage":"finished","steps":[],"attachments":[],"parameters":[],"start":1645466724215,"stop":1645466724951},{"name":"$(\"By.name: agree\") click()","status":"passed","stage":"finished","steps":[],"attachments":[],"parameters":[],"start":1645466724952,"stop":1645466725078}],"attachments":[],"parameters":[],"start":1645466724214,"stop":1645466725078},{"name":"click on payment methods continue btn","status":"passed","stage":"finished","steps":[{"name":"$(\"#button-payment-method\") click()","status":"passed","stage":"finished","steps":[],"attachments":[],"parameters":[],"start":1645466725078,"stop":1645466725145}],"attachments":[],"parameters":[],"start":1645466725078,"stop":1645466725145},{"name":"check subtotal is correct","status":"passed","stage":"finished","steps":[{"name":"$(\"By.xpath: //strong[text()='Sub-Total:']/By.xpath: ../By.xpath: following-sibling::*[1]\") should(exist)","status":"passed","stage":"finished","steps":[],"attachments":[],"parameters":[],"start":1645466725145,"stop":1645466725732},{"name":"$(\"By.xpath: //strong[text()='Sub-Total:']/By.xpath: ../By.xpath: following-sibling::*[1]\") text()","status":"passed","stage":"finished","steps":[],"attachments":[],"parameters":[],"start":1645466725733,"stop":1645466725801},{"name":"$(\"by text: Sub-Total/By.xpath: ../By.xpath: following-sibling::*[1]\") get own text()","status":"passed","stage":"finished","steps":[],"attachments":[],"parameters":[],"start":1645466725801,"stop":1645466725864}],"attachments":[],"parameters":[],"start":1645466725145,"stop":1645466725864},{"name":"check flat shipping rate is correct","status":"passed","stage":"finished","steps":[{"name":"$(\"By.xpath: //*[text()='Flat Shipping Rate:']/By.xpath: ../By.xpath: following-sibling::*[1]\") text()","status":"passed","stage":"finished","steps":[],"attachments":[],"parameters":[],"start":1645466725865,"stop":1645466725950},{"name":"$(\"by text: Step 4: Delivery Method\") click()","status":"passed","stage":"finished","steps":[],"attachments":[],"parameters":[],"start":1645466725950,"stop":1645466726037},{"name":"$(\"By.xpath: //input[@name='shipping_method']/parent::label\") should be(visible)","status":"passed","stage":"finished","steps":[],"attachments":[],"parameters":[],"start":1645466726037,"stop":1645466726466},{"name":"$(\"By.xpath: //input[@name='shipping_method']/parent::label\") text()","status":"passed","stage":"finished","steps":[],"attachments":[],"parameters":[],"start":1645466726466,"stop":1645466726499}],"attachments":[],"parameters":[],"start":1645466725864,"stop":1645466726499},{"name":"check subtotal is correct","status":"failed","statusDetails":{"known":false,"muted":false,"flaky":false,"message":"Element not found {by text: Step 6: Confirm Order }\r\nExpected: visible or transparent: visible or have css value opacity=0\r\nScreenshot: file:/C:/Users/4torn/OneDrive/Desktop/IT_academy/Project_2/build/reports/tests/1645466733583.0.png\r\nPage source: file:/C:/Users/4torn/OneDrive/Desktop/IT_academy/Project_2/build/reports/tests/1645466733583.0.html\r\nTimeout: 7 s.\r\nCaused by: NoSuchElementException: no such element: Unable to locate element: {\"method\":\"xpath\",\"selector\":\".//*/text()[normalize-space(translate(string(.), '","trace":"Element not found {by text: Step 6: Confirm Order }\r\nExpected: visible or transparent: visible or have css value opacity=0\r\nScreenshot: file:/C:/Users/4torn/OneDrive/Desktop/IT_academy/Project_2/build/reports/tests/1645466733583.0.png\r\nPage source: file:/C:/Users/4torn/OneDrive/Desktop/IT_academy/Project_2/build/reports/tests/1645466733583.0.html\r\nTimeout: 7 s.\r\nCaused by: NoSuchElementException: no such element: Unable to locate element: {\"method\":\"xpath\",\"selector\":\".//*/text()[normalize-space(translate(string(.), '\r\n\tat com.codeborne.selenide.impl.WebElementSource.createElementNotFoundError(WebElementSource.java:85)\r\n\tat com.codeborne.selenide.impl.ElementFinder.createElementNotFoundError(ElementFinder.java:122)\r\n\tat com.codeborne.selenide.impl.WebElementSource.checkCondition(WebElementSource.java:121)\r\n\tat com.codeborne.selenide.impl.WebElementSource.findAndAssertElementIsInteractable(WebElementSource.java:144)\r\n\tat com.codeborne.selenide.commands.Click.findElement(Click.java:44)\r\n\tat com.codeborne.selenide.commands.Click.execute(Click.java:26)\r\n\tat com.codeborne.selenide.commands.Click.execute(Click.java:19)\r\n\tat com.codeborne.selenide.commands.Commands.execute(Commands.java:154)\r\n\tat com.codeborne.selenide.impl.SelenideElementProxy.dispatchAndRetry(SelenideElementProxy.java:131)\r\n\tat com.codeborne.selenide.impl.SelenideElementProxy.invoke(SelenideElementProxy.java:83)\r\n\tat jdk.proxy2/jdk.proxy2.$Proxy12.click(Unknown Source)\r\n\tat Steps.CartSteps.checkTotal(CartSteps.java:167)\r\n\tat TestMethods.checkBilling(TestMethods.java:100)\r\n\tat java.base/jdk.internal.reflect.NativeMethodAccessorImpl.invoke0(Native Method)\r\n\tat java.base/jdk.internal.reflect.NativeMethodAccessorImpl.invoke(NativeMethodAccessorImpl.java:77)\r\n\tat java.base/jdk.internal.reflect.DelegatingMethodAccessorImpl.invoke(DelegatingMethodAccessorImpl.java:43)\r\n\tat java.base/java.lang.reflect.Method.invoke(Method.java:568)\r\n\tat org.testng.internal.invokers.MethodInvocationHelper.invokeMethod(MethodInvocationHelper.java:135)\r\n\tat org.testng.internal.invokers.TestInvoker.invokeMethod(TestInvoker.java:673)\r\n\tat org.testng.internal.invokers.TestInvoker.invokeTestMethod(TestInvoker.java:220)\r\n\tat org.testng.internal.invokers.MethodRunner.runInSequence(MethodRunner.java:50)\r\n\tat org.testng.internal.invokers.TestInvoker$MethodInvocationAgent.invoke(TestInvoker.java:945)\r\n\tat org.testng.internal.invokers.TestInvoker.invokeTestMethods(TestInvoker.java:193)\r\n\tat org.testng.internal.invokers.TestMethodWorker.invokeTestMethods(TestMethodWorker.java:146)\r\n\tat org.testng.internal.invokers.TestMethodWorker.run(TestMethodWorker.java:128)\r\n\tat java.base/java.util.ArrayList.forEach(ArrayList.java:1511)\r\n\tat org.testng.TestRunner.privateRun(TestRunner.java:808)\r\n\tat org.testng.TestRunner.run(TestRunner.java:603)\r\n\tat org.testng.SuiteRunner.runTest(SuiteRunner.java:429)\r\n\tat org.testng.SuiteRunner.runSequentially(SuiteRunner.java:423)\r\n\tat org.testng.SuiteRunner.privateRun(SuiteRunner.java:383)\r\n\tat org.testng.SuiteRunner.run(SuiteRunner.java:326)\r\n\tat org.testng.SuiteRunnerWorker.runSuite(SuiteRunnerWorker.java:52)\r\n\tat org.testng.SuiteRunnerWorker.run(SuiteRunnerWorker.java:95)\r\n\tat org.testng.TestNG.runSuitesSequentially(TestNG.java:1249)\r\n\tat org.testng.TestNG.runSuitesLocally(TestNG.java:1169)\r\n\tat org.testng.TestNG.runSuites(TestNG.java:1092)\r\n\tat org.testng.TestNG.run(TestNG.java:1060)\r\n\tat com.intellij.rt.testng.IDEARemoteTestNG.run(IDEARemoteTestNG.java:66)\r\n\tat com.intellij.rt.testng.RemoteTestNGStarter.main(RemoteTestNGStarter.java:109)\r\nCaused by: org.openqa.selenium.NoSuchElementException: no such element: Unable to locate element: {\"method\":\"xpath\",\"selector\":\".//*/text()[normalize-space(translate(string(.), '\t\n\r ', '    ')) = \"Step 6: Confirm Order \"]/parent::*\"}\n  (Session info: chrome=98.0.4758.102)\nFor documentation on this error, please visit: https://selenium.dev/exceptions/#no_such_element\nBuild info: version: '4.1.1', revision: 'e8fcc2cecf'\nSystem info: host: 'DESKTOP-J8RPU6N', ip: '192.168.0.22', os.name: 'Windows 10', os.arch: 'amd64', os.version: '10.0', java.version: '17.0.1'\nDriver info: org.openqa.selenium.chrome.ChromeDriver\nCommand: [aeb2b37657e7a7823213757896ecaa38, findElement {using=xpath, value=.//*/text()[normalize-space(translate(string(.), '\t\n\r ', '    ')) = \"Step 6: Confirm Order \"]/parent::*}]\nCapabilities {acceptInsecureCerts: true, browserName: chrome, browserVersion: 98.0.4758.102, chrome: {chromedriverVersion: 98.0.4758.102 (273bf7ac8c90..., userDataDir: C:\\Users\\4torn\\AppData\\Loca...}, goog:chromeOptions: {debuggerAddress: localhost:56182}, javascriptEnabled: true, networkConnectionEnabled: false, pageLoadStrategy: normal, platform: WINDOWS, platformName: WINDOWS, proxy: Proxy(), se:cdp: ws://localhost:56182/devtoo..., se:cdpVersion: 98.0.4758.102, setWindowRect: true, strictFileInteractability: false, timeouts: {implicit: 0, pageLoad: 300000, script: 30000}, unhandledPromptBehavior: dismiss and notify, webauthn:extension:credBlob: true, webauthn:extension:largeBlob: true, webauthn:virtualAuthenticators: true}\nSession ID: aeb2b37657e7a7823213757896ecaa38\r\n\tat jdk.internal.reflect.GeneratedConstructorAccessor22.newInstance(Unknown Source)\r\n\tat java.base/jdk.internal.reflect.DelegatingConstructorAccessorImpl.newInstance(DelegatingConstructorAccessorImpl.java:45)\r\n\tat java.base/java.lang.reflect.Constructor.newInstanceWithCaller(Constructor.java:499)\r\n\tat java.base/java.lang.reflect.Constructor.newInstance(Constructor.java:480)\r\n\tat org.openqa.selenium.remote.codec.w3c.W3CHttpResponseCodec.createException(W3CHttpResponseCodec.java:200)\r\n\tat org.openqa.selenium.remote.codec.w3c.W3CHttpResponseCodec.decode(W3CHttpResponseCodec.java:133)\r\n\tat org.openqa.selenium.remote.codec.w3c.W3CHttpResponseCodec.decode(W3CHttpResponseCodec.java:53)\r\n\tat org.openqa.selenium.remote.HttpCommandExecutor.execute(HttpCommandExecutor.java:184)\r\n\tat org.openqa.selenium.remote.service.DriverCommandExecutor.invokeExecute(DriverCommandExecutor.java:167)\r\n\tat org.openqa.selenium.remote.service.DriverCommandExecutor.execute(DriverCommandExecutor.java:142)\r\n\tat org.openqa.selenium.remote.RemoteWebDriver.execute(RemoteWebDriver.java:543)\r\n\tat org.openqa.selenium.remote.ElementLocation$ElementFinder$2.findElement(ElementLocation.java:162)\r\n\tat org.openqa.selenium.remote.ElementLocation.findElement(ElementLocation.java:60)\r\n\tat org.openqa.selenium.remote.RemoteWebDriver.findElement(RemoteWebDriver.java:367)\r\n\tat org.openqa.selenium.remote.RemoteWebDriver.findElement(RemoteWebDriver.java:359)\r\n\tat com.codeborne.selenide.impl.WebElementSelector.findElement(WebElementSelector.java:70)\r\n\tat com.codeborne.selenide.impl.WebElementSelector.findElement(WebElementSelector.java:44)\r\n\tat com.codeborne.selenide.impl.WebElementSelector.findElement(WebElementSelector.java:33)\r\n\tat com.codeborne.selenide.impl.ElementFinder.getWebElement(ElementFinder.java:102)\r\n\tat com.codeborne.selenide.impl.WebElementSource.checkCondition(WebElementSource.java:102)\r\n\t... 37 more\r\n"},"stage":"finished","steps":[{"name":"$(\"by text: Step 6: Confirm Order \") click()","status":"failed","statusDetails":{"known":false,"muted":false,"flaky":false,"message":"Element not found {by text: Step 6: Confirm Order }\r\nExpected: visible or transparent: visible or have css value opacity=0\r\nScreenshot: file:/C:/Users/4torn/OneDrive/Desktop/IT_academy/Project_2/build/reports/tests/1645466733583.0.png\r\nPage source: file:/C:/Users/4torn/OneDrive/Desktop/IT_academy/Project_2/build/reports/tests/1645466733583.0.html\r\nTimeout: 7 s.\r\nCaused by: NoSuchElementException: no such element: Unable to locate element: {\"method\":\"xpath\",\"selector\":\".//*/text()[normalize-space(translate(string(.), '","trace":"Element not found {by text: Step 6: Confirm Order }\r\nExpected: visible or transparent: visible or have css value opacity=0\r\nScreenshot: file:/C:/Users/4torn/OneDrive/Desktop/IT_academy/Project_2/build/reports/tests/1645466733583.0.png\r\nPage source: file:/C:/Users/4torn/OneDrive/Desktop/IT_academy/Project_2/build/reports/tests/1645466733583.0.html\r\nTimeout: 7 s.\r\nCaused by: NoSuchElementException: no such element: Unable to locate element: {\"method\":\"xpath\",\"selector\":\".//*/text()[normalize-space(translate(string(.), '\r\n\tat com.codeborne.selenide.impl.WebElementSource.createElementNotFoundError(WebElementSource.java:85)\r\n\tat com.codeborne.selenide.impl.ElementFinder.createElementNotFoundError(ElementFinder.java:122)\r\n\tat com.codeborne.selenide.impl.WebElementSource.checkCondition(WebElementSource.java:121)\r\n\tat com.codeborne.selenide.impl.WebElementSource.findAndAssertElementIsInteractable(WebElementSource.java:144)\r\n\tat com.codeborne.selenide.commands.Click.findElement(Click.java:44)\r\n\tat com.codeborne.selenide.commands.Click.execute(Click.java:26)\r\n\tat com.codeborne.selenide.commands.Click.execute(Click.java:19)\r\n\tat com.codeborne.selenide.commands.Commands.execute(Commands.java:154)\r\n\tat com.codeborne.selenide.impl.SelenideElementProxy.dispatchAndRetry(SelenideElementProxy.java:131)\r\n\tat com.codeborne.selenide.impl.SelenideElementProxy.invoke(SelenideElementProxy.java:83)\r\n\tat jdk.proxy2/jdk.proxy2.$Proxy12.click(Unknown Source)\r\n\tat Steps.CartSteps.checkTotal(CartSteps.java:167)\r\n\tat TestMethods.checkBilling(TestMethods.java:100)\r\n\tat java.base/jdk.internal.reflect.NativeMethodAccessorImpl.invoke0(Native Method)\r\n\tat java.base/jdk.internal.reflect.NativeMethodAccessorImpl.invoke(NativeMethodAccessorImpl.java:77)\r\n\tat java.base/jdk.internal.reflect.DelegatingMethodAccessorImpl.invoke(DelegatingMethodAccessorImpl.java:43)\r\n\tat java.base/java.lang.reflect.Method.invoke(Method.java:568)\r\n\tat org.testng.internal.invokers.MethodInvocationHelper.invokeMethod(MethodInvocationHelper.java:135)\r\n\tat org.testng.internal.invokers.TestInvoker.invokeMethod(TestInvoker.java:673)\r\n\tat org.testng.internal.invokers.TestInvoker.invokeTestMethod(TestInvoker.java:220)\r\n\tat org.testng.internal.invokers.MethodRunner.runInSequence(MethodRunner.java:50)\r\n\tat org.testng.internal.invokers.TestInvoker$MethodInvocationAgent.invoke(TestInvoker.java:945)\r\n\tat org.testng.internal.invokers.TestInvoker.invokeTestMethods(TestInvoker.java:193)\r\n\tat org.testng.internal.invokers.TestMethodWorker.invokeTestMethods(TestMethodWorker.java:146)\r\n\tat org.testng.internal.invokers.TestMethodWorker.run(TestMethodWorker.java:128)\r\n\tat java.base/java.util.ArrayList.forEach(ArrayList.java:1511)\r\n\tat org.testng.TestRunner.privateRun(TestRunner.java:808)\r\n\tat org.testng.TestRunner.run(TestRunner.java:603)\r\n\tat org.testng.SuiteRunner.runTest(SuiteRunner.java:429)\r\n\tat org.testng.SuiteRunner.runSequentially(SuiteRunner.java:423)\r\n\tat org.testng.SuiteRunner.privateRun(SuiteRunner.java:383)\r\n\tat org.testng.SuiteRunner.run(SuiteRunner.java:326)\r\n\tat org.testng.SuiteRunnerWorker.runSuite(SuiteRunnerWorker.java:52)\r\n\tat org.testng.SuiteRunnerWorker.run(SuiteRunnerWorker.java:95)\r\n\tat org.testng.TestNG.runSuitesSequentially(TestNG.java:1249)\r\n\tat org.testng.TestNG.runSuitesLocally(TestNG.java:1169)\r\n\tat org.testng.TestNG.runSuites(TestNG.java:1092)\r\n\tat org.testng.TestNG.run(TestNG.java:1060)\r\n\tat com.intellij.rt.testng.IDEARemoteTestNG.run(IDEARemoteTestNG.java:66)\r\n\tat com.intellij.rt.testng.RemoteTestNGStarter.main(RemoteTestNGStarter.java:109)\r\nCaused by: org.openqa.selenium.NoSuchElementException: no such element: Unable to locate element: {\"method\":\"xpath\",\"selector\":\".//*/text()[normalize-space(translate(string(.), '\t\n\r ', '    ')) = \"Step 6: Confirm Order \"]/parent::*\"}\n  (Session info: chrome=98.0.4758.102)\nFor documentation on this error, please visit: https://selenium.dev/exceptions/#no_such_element\nBuild info: version: '4.1.1', revision: 'e8fcc2cecf'\nSystem info: host: 'DESKTOP-J8RPU6N', ip: '192.168.0.22', os.name: 'Windows 10', os.arch: 'amd64', os.version: '10.0', java.version: '17.0.1'\nDriver info: org.openqa.selenium.chrome.ChromeDriver\nCommand: [aeb2b37657e7a7823213757896ecaa38, findElement {using=xpath, value=.//*/text()[normalize-space(translate(string(.), '\t\n\r ', '    ')) = \"Step 6: Confirm Order \"]/parent::*}]\nCapabilities {acceptInsecureCerts: true, browserName: chrome, browserVersion: 98.0.4758.102, chrome: {chromedriverVersion: 98.0.4758.102 (273bf7ac8c90..., userDataDir: C:\\Users\\4torn\\AppData\\Loca...}, goog:chromeOptions: {debuggerAddress: localhost:56182}, javascriptEnabled: true, networkConnectionEnabled: false, pageLoadStrategy: normal, platform: WINDOWS, platformName: WINDOWS, proxy: Proxy(), se:cdp: ws://localhost:56182/devtoo..., se:cdpVersion: 98.0.4758.102, setWindowRect: true, strictFileInteractability: false, timeouts: {implicit: 0, pageLoad: 300000, script: 30000}, unhandledPromptBehavior: dismiss and notify, webauthn:extension:credBlob: true, webauthn:extension:largeBlob: true, webauthn:virtualAuthenticators: true}\nSession ID: aeb2b37657e7a7823213757896ecaa38\r\n\tat jdk.internal.reflect.GeneratedConstructorAccessor22.newInstance(Unknown Source)\r\n\tat java.base/jdk.internal.reflect.DelegatingConstructorAccessorImpl.newInstance(DelegatingConstructorAccessorImpl.java:45)\r\n\tat java.base/java.lang.reflect.Constructor.newInstanceWithCaller(Constructor.java:499)\r\n\tat java.base/java.lang.reflect.Constructor.newInstance(Constructor.java:480)\r\n\tat org.openqa.selenium.remote.codec.w3c.W3CHttpResponseCodec.createException(W3CHttpResponseCodec.java:200)\r\n\tat org.openqa.selenium.remote.codec.w3c.W3CHttpResponseCodec.decode(W3CHttpResponseCodec.java:133)\r\n\tat org.openqa.selenium.remote.codec.w3c.W3CHttpResponseCodec.decode(W3CHttpResponseCodec.java:53)\r\n\tat org.openqa.selenium.remote.HttpCommandExecutor.execute(HttpCommandExecutor.java:184)\r\n\tat org.openqa.selenium.remote.service.DriverCommandExecutor.invokeExecute(DriverCommandExecutor.java:167)\r\n\tat org.openqa.selenium.remote.service.DriverCommandExecutor.execute(DriverCommandExecutor.java:142)\r\n\tat org.openqa.selenium.remote.RemoteWebDriver.execute(RemoteWebDriver.java:543)\r\n\tat org.openqa.selenium.remote.ElementLocation$ElementFinder$2.findElement(ElementLocation.java:162)\r\n\tat org.openqa.selenium.remote.ElementLocation.findElement(ElementLocation.java:60)\r\n\tat org.openqa.selenium.remote.RemoteWebDriver.findElement(RemoteWebDriver.java:367)\r\n\tat org.openqa.selenium.remote.RemoteWebDriver.findElement(RemoteWebDriver.java:359)\r\n\tat com.codeborne.selenide.impl.WebElementSelector.findElement(WebElementSelector.java:70)\r\n\tat com.codeborne.selenide.impl.WebElementSelector.findElement(WebElementSelector.java:44)\r\n\tat com.codeborne.selenide.impl.WebElementSelector.findElement(WebElementSelector.java:33)\r\n\tat com.codeborne.selenide.impl.ElementFinder.getWebElement(ElementFinder.java:102)\r\n\tat com.codeborne.selenide.impl.WebElementSource.checkCondition(WebElementSource.java:102)\r\n\t... 37 more\r\n"},"stage":"finished","steps":[],"attachments":[{"name":"Screenshot","source":"2affed13-7518-45a5-8227-75fe17fa122d-attachment.png","type":"image/png"}],"parameters":[],"start":1645466726500,"stop":1645466734074}],"attachments":[],"parameters":[],"start":1645466726499,"stop":1645466734074}],"attachments":[],"parameters":[],"start":1645466720296,"stop":1645466734089}